INFO:scholarly:Getting https://scholar.google.com/citations?hl=en&view_op=search_authors&mauthors=Mert%20Metin
INFO:scholarly:Session proxy config is {}
INFO:scholarly:Found 1 authors
INFO:scholarly:Getting https://scholar.google.com/citations?hl=en&user=F-QZxlQAAAAJ&pagesize=100
INFO:scholarly:Session proxy config is {}
INFO:scholarly:Getting https://scholar.google.com/citations?hl=en&user=F-QZxlQAAAAJ&pagesize=100
INFO:scholarly:Session proxy config is {}
INFO:scholarly:Getting https://scholar.google.com/citations?hl=en&view_op=search_authors&mauthors=Steven%20A%20Cholewiak
INFO:scholarly:Session proxy config is {}
INFO:scholarly:Found 1 authors
INFO:scholarly:Getting https://scholar.google.com/citations?hl=en&user=4bahYMkAAAAJ&pagesize=100
INFO:scholarly:Session proxy config is {}
INFO:scholarly:Getting https://scholar.google.com/citations?hl=en&user=4bahYMkAAAAJ&pagesize=100
INFO:scholarly:Session proxy config is {}
INFO:scholarly:Getting https://scholar.google.com/citations?hl=en&view_op=search_authors&mauthors=Steven%20A%20Cholewiak
INFO:scholarly:Session proxy config is {}
INFO:scholarly:Found 1 authors
INFO:scholarly:Getting https://scholar.google.com/citations?hl=en&user=4bahYMkAAAAJ&pagesize=100
INFO:scholarly:Session proxy config is {}
INFO:scholarly:Getting https://scholar.google.com/citations?hl=en&user=4bahYMkAAAAJ&pagesize=100
INFO:scholarly:Session proxy config is {}
INFO:scholarly:Getting https://scholar.google.com/citations?hl=en&view_op=search_authors&mauthors=Steven%20A%20Cholewiak
INFO:scholarly:Session proxy config is {}
INFO:scholarly:Found 1 authors
INFO:scholarly:Getting https://scholar.google.com/citations?hl=en&user=4bahYMkAAAAJ&pagesize=100
INFO:scholarly:Session proxy config is {}
INFO:scholarly:Getting https://scholar.google.com/citations?hl=en&user=4bahYMkAAAAJ&pagesize=100
INFO:scholarly:Session proxy config is {}
INFO:scholarly:Getting https://scholar.google.com/citations?hl=en&view_op=search_authors&mauthors=Steven%20A%20Cholewiak
INFO:scholarly:Session proxy config is {}
INFO:scholarly:Found 1 authors
INFO:scholarly:Getting https://scholar.google.com/citations?hl=en&user=4bahYMkAAAAJ&pagesize=100
INFO:scholarly:Session proxy config is {}
INFO:scholarly:Getting https://scholar.google.com/citations?hl=en&user=4bahYMkAAAAJ&pagesize=100
INFO:scholarly:Session proxy config is {}
